<?xml version="1.0" encoding="UTF-8"?>
<!-- Generated by org.testng.reporters.JUnitReportReporter -->
<testsuite hostname="TYSS-Akash-Deb" failures="0" tests="2" name="webElement.textbox.ToRegisterUserAndLoginUser" time="5.643" errors="0" timestamp="17 Feb 2024 07:52:09 GMT" skipped="0">
  <testcase classname="webElement.textbox.ToRegisterUserAndLoginUser" name="toRegisterUser" time="4.782"/>
  <testcase classname="webElement.textbox.ToRegisterUserAndLoginUser" name="toLoginUser" time="0.861"/>
</testsuite> <!-- webElement.textbox.ToRegisterUserAndLoginUser -->
