<?xml version="1.0" encoding="UTF-8"?>
<!-- Generated by org.testng.reporters.JUnitReportReporter -->
<testsuite hostname="TYSS-Akash-Deb" failures="0" tests="6" name="webElement.textbox.TestScript1" time="0.041" errors="0" timestamp="17 Feb 2024 07:10:43 GMT" skipped="1">
  <testcase classname="webElement.textbox.TestScript1" name="testCase3" time="0.004"/>
  <testcase classname="webElement.textbox.TestScript1" name="testCase2" time="0.031"/>
  <testcase classname="webElement.textbox.TestScript1" name="testCase1" time="0.002"/>
  <testcase classname="webElement.textbox.TestScript1" name="testCase1" time="0.002"/>
  <testcase classname="webElement.textbox.TestScript1" name="testCase1" time="0.002"/>
  <testcase classname="webElement.textbox.TestScript1" name="testCase4">
    <skipped/>
  </testcase> <!-- testCase4 -->
</testsuite> <!-- webElement.textbox.TestScript1 -->
