<?xml version="1.0" encoding="UTF-8"?>
<!-- Generated by org.testng.reporters.JUnitReportReporter -->
<testsuite hostname="TYSS-Akash-Deb" failures="0" tests="2" name="genericUtils.BaseClass" time="0.012" errors="0" timestamp="17 Feb 2024 07:44:06 GMT" skipped="0">
  <testcase classname="genericUtils.BaseClass" name="testCase2" time="0.003"/>
  <testcase classname="genericUtils.BaseClass" name="testCase1" time="0.009"/>
</testsuite> <!-- genericUtils.BaseClass -->
